[debug] [2023-11-23T01:23:18.710Z] ----------------------------------------------------------------------
[debug] [2023-11-23T01:23:18.713Z] Command:       C:\Program Files\nodejs\node.exe C:\Users\koppu\AppData\Roaming\npm\node_modules\firebase-tools\lib\bin\firebase.js init
[debug] [2023-11-23T01:23:18.714Z] CLI Version:   12.9.1
[debug] [2023-11-23T01:23:18.714Z] Platform:      win32
[debug] [2023-11-23T01:23:18.714Z] Node Version:  v21.1.0
[debug] [2023-11-23T01:23:18.715Z] Time:          Wed Nov 22 2023 20:23:18 GMT-0500 (Eastern Standard Time)
[debug] [2023-11-23T01:23:18.715Z] ----------------------------------------------------------------------
[debug] 
[debug] [2023-11-23T01:23:18.724Z] > command requires scopes: ["email","openid","https://www.googleapis.com/auth/cloudplatformprojects.readonly","https://www.googleapis.com/auth/firebase","https://www.googleapis.com/auth/cloud-platform"]
[debug] [2023-11-23T01:23:18.725Z] > authorizing via signed-in user (koppulanikunznaidu@gmail.com)
[info] 
     ######## #### ########  ######## ########     ###     ######  ########
     ##        ##  ##     ## ##       ##     ##  ##   ##  ##       ##
     ######    ##  ########  ######   ########  #########  ######  ######
     ##        ##  ##    ##  ##       ##     ## ##     ##       ## ##
     ##       #### ##     ## ######## ########  ##     ##  ######  ########

You're about to initialize a Firebase project in this directory:

  C:\Dev-ops projects\CloudTechie

Before we get started, keep in mind:

  * You are currently outside your home directory

